<?xml version="1.0" encoding="UTF-8"?>
<!-- Generated by org.testng.reporters.JUnitXMLReporter -->
<testsuite hostname="GPS" ignored="2" name="Test" tests="3" failures="0" timestamp="2020-12-13T17:23:56 IST" time="119.227" errors="0">
  <testcase name="LoginTest" time="31.707" classname="TestCases.LoginTest_001"/>
  <testcase name="DataDriven" time="16.201" classname="TestCases.LoginTest_002"/>
  <testcase name="DataDriven" time="14.826" classname="TestCases.LoginTest_002"/>
  <testcase name="@AfterSuite TearDown" time="0.0" classname="TestCases.BaseClass">
    <ignored/>
  </testcase> <!-- @AfterSuite TearDown -->
  <testcase name="@BeforeSuite SetUp" time="0.0" classname="TestCases.BaseClass">
    <ignored/>
  </testcase> <!-- @BeforeSuite SetUp -->
</testsuite> <!-- Test -->
