<?xml version="1.0" encoding="UTF-8"?>
<testng-results skipped="0" failed="0" ignored="2" total="5" passed="3">
  <reporter-output>
  </reporter-output>
  <suite name="Suite" duration-ms="119227" started-at="2020-12-13T17:21:57 IST" finished-at="2020-12-13T17:23:56 IST">
    <groups>
    </groups>
    <test name="Test" duration-ms="119227" started-at="2020-12-13T17:21:57 IST" finished-at="2020-12-13T17:23:56 IST">
      <class name="TestCases.LoginTest_001">
        <test-method status="PASS" signature="SetUp()[pri:0, instance:TestCases.LoginTest_001@eec5a4a]" name="SetUp" is-config="true" duration-ms="916" started-at="2020-12-13T17:21:56 IST" finished-at="2020-12-13T17:21:57 IST">
          <reporter-output>
          </reporter-output>
        </test-method> <!-- SetUp -->
        <test-method status="PASS" signature="onTestStart(org.testng.ITestResult)[pri:0, instance:TestCases.LoginTest_001@eec5a4a]" name="onTestStart" is-config="true" duration-ms="23746" started-at="2020-12-13T17:21:57 IST" finished-at="2020-12-13T17:22:20 IST">
          <params>
            <param index="0">
              <value>
                <![CDATA[[TestResult name={null} status=CREATED method=LoginTest_001.LoginTest()[pri:0, instance:TestCases.LoginTest_001@eec5a4a] output={null}]]]>
              </value>
            </param>
          </params>
          <reporter-output>
          </reporter-output>
        </test-method> <!-- onTestStart -->
        <test-method status="PASS" signature="LoginTest()[pri:0, instance:TestCases.LoginTest_001@eec5a4a]" name="LoginTest" duration-ms="31707" started-at="2020-12-13T17:22:20 IST" finished-at="2020-12-13T17:22:52 IST">
          <reporter-output>
          </reporter-output>
        </test-method> <!-- LoginTest -->
        <test-method status="PASS" signature="onTestFailure(org.testng.ITestResult)[pri:0, instance:TestCases.LoginTest_001@eec5a4a]" name="onTestFailure" is-config="true" duration-ms="1" started-at="2020-12-13T17:22:52 IST" finished-at="2020-12-13T17:22:52 IST">
          <params>
            <param index="0">
              <value>
                <![CDATA[[TestResult name=LoginTest status=SUCCESS method=LoginTest_001.LoginTest()[pri:0, instance:TestCases.LoginTest_001@eec5a4a] output={null}]]]>
              </value>
            </param>
          </params>
          <reporter-output>
          </reporter-output>
        </test-method> <!-- onTestFailure -->
        <test-method status="PASS" signature="onTestSkip(org.testng.ITestResult)[pri:0, instance:TestCases.LoginTest_001@eec5a4a]" name="onTestSkip" is-config="true" duration-ms="0" started-at="2020-12-13T17:22:52 IST" finished-at="2020-12-13T17:22:52 IST">
          <params>
            <param index="0">
              <value>
                <![CDATA[[TestResult name=LoginTest status=SUCCESS method=LoginTest_001.LoginTest()[pri:0, instance:TestCases.LoginTest_001@eec5a4a] output={null}]]]>
              </value>
            </param>
          </params>
          <reporter-output>
          </reporter-output>
        </test-method> <!-- onTestSkip -->
        <test-method status="PASS" signature="onTestSuccess(org.testng.ITestResult)[pri:0, instance:TestCases.LoginTest_001@eec5a4a]" name="onTestSuccess" is-config="true" duration-ms="1600" started-at="2020-12-13T17:22:52 IST" finished-at="2020-12-13T17:22:54 IST">
          <params>
            <param index="0">
              <value>
                <![CDATA[[TestResult name=LoginTest status=SUCCESS method=LoginTest_001.LoginTest()[pri:0, instance:TestCases.LoginTest_001@eec5a4a] output={null}]]]>
              </value>
            </param>
          </params>
          <reporter-output>
          </reporter-output>
        </test-method> <!-- onTestSuccess -->
        <test-method status="PASS" signature="TearDown()[pri:0, instance:TestCases.LoginTest_001@eec5a4a]" name="TearDown" is-config="true" duration-ms="2719" started-at="2020-12-13T17:23:56 IST" finished-at="2020-12-13T17:23:59 IST">
          <reporter-output>
          </reporter-output>
        </test-method> <!-- TearDown -->
      </class> <!-- TestCases.LoginTest_001 -->
      <class name="TestCases.LoginTest_002">
        <test-method status="PASS" signature="onTestStart(org.testng.ITestResult)[pri:0, instance:TestCases.LoginTest_002@2b2948e2]" name="onTestStart" is-config="true" duration-ms="7734" started-at="2020-12-13T17:23:03 IST" finished-at="2020-12-13T17:23:11 IST">
          <params>
            <param index="0">
              <value>
                <![CDATA[[TestResult name={null} status=CREATED method=LoginTest_002.DataDriven(java.lang.String, java.lang.String)[pri:0, instance:TestCases.LoginTest_002@2b2948e2] output={null}]]]>
              </value>
            </param>
          </params>
          <reporter-output>
          </reporter-output>
        </test-method> <!-- onTestStart -->
        <test-method status="PASS" signature="DataDriven(java.lang.String, java.lang.String)[pri:0, instance:TestCases.LoginTest_002@2b2948e2]" name="DataDriven" duration-ms="16201" started-at="2020-12-13T17:23:11 IST" data-provider="dp" finished-at="2020-12-13T17:23:27 IST">
          <params>
            <param index="0">
              <value>
                <![CDATA[mngr298900]]>
              </value>
            </param>
            <param index="1">
              <value>
                <![CDATA[dejAnez]]>
              </value>
            </param>
          </params>
          <reporter-output>
          </reporter-output>
        </test-method> <!-- DataDriven -->
        <test-method status="PASS" signature="onTestFailure(org.testng.ITestResult)[pri:0, instance:TestCases.LoginTest_002@2b2948e2]" name="onTestFailure" is-config="true" duration-ms="0" started-at="2020-12-13T17:23:27 IST" finished-at="2020-12-13T17:23:27 IST">
          <params>
            <param index="0">
              <value>
                <![CDATA[[TestResult name=DataDriven status=SUCCESS method=LoginTest_002.DataDriven(java.lang.String, java.lang.String)[pri:0, instance:TestCases.LoginTest_002@2b2948e2] output={null}]]]>
              </value>
            </param>
          </params>
          <reporter-output>
          </reporter-output>
        </test-method> <!-- onTestFailure -->
        <test-method status="PASS" signature="onTestSkip(org.testng.ITestResult)[pri:0, instance:TestCases.LoginTest_002@2b2948e2]" name="onTestSkip" is-config="true" duration-ms="0" started-at="2020-12-13T17:23:27 IST" finished-at="2020-12-13T17:23:27 IST">
          <params>
            <param index="0">
              <value>
                <![CDATA[[TestResult name=DataDriven status=SUCCESS method=LoginTest_002.DataDriven(java.lang.String, java.lang.String)[pri:0, instance:TestCases.LoginTest_002@2b2948e2] output={null}]]]>
              </value>
            </param>
          </params>
          <reporter-output>
          </reporter-output>
        </test-method> <!-- onTestSkip -->
        <test-method status="PASS" signature="onTestSuccess(org.testng.ITestResult)[pri:0, instance:TestCases.LoginTest_002@2b2948e2]" name="onTestSuccess" is-config="true" duration-ms="2400" started-at="2020-12-13T17:23:27 IST" finished-at="2020-12-13T17:23:30 IST">
          <params>
            <param index="0">
              <value>
                <![CDATA[[TestResult name=DataDriven status=SUCCESS method=LoginTest_002.DataDriven(java.lang.String, java.lang.String)[pri:0, instance:TestCases.LoginTest_002@2b2948e2] output={null}]]]>
              </value>
            </param>
          </params>
          <reporter-output>
          </reporter-output>
        </test-method> <!-- onTestSuccess -->
        <test-method status="PASS" signature="onTestStart(org.testng.ITestResult)[pri:0, instance:TestCases.LoginTest_002@2b2948e2]" name="onTestStart" is-config="true" duration-ms="9604" started-at="2020-12-13T17:23:30 IST" finished-at="2020-12-13T17:23:39 IST">
          <params>
            <param index="0">
              <value>
                <![CDATA[[TestResult name={null} status=CREATED method=LoginTest_002.DataDriven(java.lang.String, java.lang.String)[pri:0, instance:TestCases.LoginTest_002@2b2948e2] output={null}]]]>
              </value>
            </param>
          </params>
          <reporter-output>
          </reporter-output>
        </test-method> <!-- onTestStart -->
        <test-method status="PASS" signature="DataDriven(java.lang.String, java.lang.String)[pri:0, instance:TestCases.LoginTest_002@2b2948e2]" name="DataDriven" duration-ms="14826" started-at="2020-12-13T17:23:39 IST" data-provider="dp" finished-at="2020-12-13T17:23:54 IST">
          <params>
            <param index="0">
              <value>
                <![CDATA[mngr298900]]>
              </value>
            </param>
            <param index="1">
              <value>
                <![CDATA[dejAnez]]>
              </value>
            </param>
          </params>
          <reporter-output>
          </reporter-output>
        </test-method> <!-- DataDriven -->
        <test-method status="PASS" signature="onTestFailure(org.testng.ITestResult)[pri:0, instance:TestCases.LoginTest_002@2b2948e2]" name="onTestFailure" is-config="true" duration-ms="3" started-at="2020-12-13T17:23:54 IST" finished-at="2020-12-13T17:23:54 IST">
          <params>
            <param index="0">
              <value>
                <![CDATA[[TestResult name=DataDriven status=SUCCESS method=LoginTest_002.DataDriven(java.lang.String, java.lang.String)[pri:0, instance:TestCases.LoginTest_002@2b2948e2] output={null}]]]>
              </value>
            </param>
          </params>
          <reporter-output>
          </reporter-output>
        </test-method> <!-- onTestFailure -->
        <test-method status="PASS" signature="onTestSkip(org.testng.ITestResult)[pri:0, instance:TestCases.LoginTest_002@2b2948e2]" name="onTestSkip" is-config="true" duration-ms="1" started-at="2020-12-13T17:23:54 IST" finished-at="2020-12-13T17:23:54 IST">
          <params>
            <param index="0">
              <value>
                <![CDATA[[TestResult name=DataDriven status=SUCCESS method=LoginTest_002.DataDriven(java.lang.String, java.lang.String)[pri:0, instance:TestCases.LoginTest_002@2b2948e2] output={null}]]]>
              </value>
            </param>
          </params>
          <reporter-output>
          </reporter-output>
        </test-method> <!-- onTestSkip -->
        <test-method status="PASS" signature="onTestSuccess(org.testng.ITestResult)[pri:0, instance:TestCases.LoginTest_002@2b2948e2]" name="onTestSuccess" is-config="true" duration-ms="1637" started-at="2020-12-13T17:23:54 IST" finished-at="2020-12-13T17:23:56 IST">
          <params>
            <param index="0">
              <value>
                <![CDATA[[TestResult name=DataDriven status=SUCCESS method=LoginTest_002.DataDriven(java.lang.String, java.lang.String)[pri:0, instance:TestCases.LoginTest_002@2b2948e2] output={null}]]]>
              </value>
            </param>
          </params>
          <reporter-output>
          </reporter-output>
        </test-method> <!-- onTestSuccess -->
      </class> <!-- TestCases.LoginTest_002 -->
    </test> <!-- Test -->
  </suite> <!-- Suite -->
</testng-results>
