<?xml version="1.0" encoding="UTF-8"?>
<testng-results skipped="0" failed="0" total="1" passed="1">
  <reporter-output>
  </reporter-output>
  <suite name="Default suite" duration-ms="37438" started-at="2020-12-13T12:39:15Z" finished-at="2020-12-13T12:39:52Z">
    <groups>
    </groups>
    <test name="Default test" duration-ms="37438" started-at="2020-12-13T12:39:15Z" finished-at="2020-12-13T12:39:52Z">
      <class name="TestCases.LoginTest_001">
        <test-method status="PASS" signature="SetUp()[pri:0, instance:TestCases.LoginTest_001@4e04a765]" name="SetUp" is-config="true" duration-ms="2171" started-at="2020-12-13T18:09:12Z" finished-at="2020-12-13T18:09:15Z">
          <reporter-output>
          </reporter-output>
        </test-method> <!-- SetUp -->
        <test-method status="PASS" signature="onTestStart(org.testng.ITestResult)[pri:0, instance:TestCases.LoginTest_001@4e04a765]" name="onTestStart" is-config="true" duration-ms="18744" started-at="2020-12-13T18:09:15Z" finished-at="2020-12-13T18:09:33Z">
          <params>
            <param index="0">
              <value>
                <![CDATA[[TestResult name=LoginTest status=SUCCESS method=LoginTest_001.LoginTest()[pri:0, instance:TestCases.LoginTest_001@4e04a765] output={null}]]]>
              </value>
            </param>
          </params>
          <reporter-output>
          </reporter-output>
        </test-method> <!-- onTestStart -->
        <test-method status="PASS" signature="LoginTest()[pri:0, instance:TestCases.LoginTest_001@4e04a765]" name="LoginTest" duration-ms="17375" started-at="2020-12-13T18:09:33Z" finished-at="2020-12-13T18:09:51Z">
          <reporter-output>
          </reporter-output>
        </test-method> <!-- LoginTest -->
        <test-method status="PASS" signature="onTestSkip(org.testng.ITestResult)[pri:0, instance:TestCases.LoginTest_001@4e04a765]" name="onTestSkip" is-config="true" duration-ms="1" started-at="2020-12-13T18:09:51Z" finished-at="2020-12-13T18:09:51Z">
          <params>
            <param index="0">
              <value>
                <![CDATA[[TestResult name=LoginTest status=SUCCESS method=LoginTest_001.LoginTest()[pri:0, instance:TestCases.LoginTest_001@4e04a765] output={null}]]]>
              </value>
            </param>
          </params>
          <reporter-output>
          </reporter-output>
        </test-method> <!-- onTestSkip -->
        <test-method status="PASS" signature="onTestFailure(org.testng.ITestResult)[pri:0, instance:TestCases.LoginTest_001@4e04a765]" name="onTestFailure" is-config="true" duration-ms="0" started-at="2020-12-13T18:09:51Z" finished-at="2020-12-13T18:09:51Z">
          <params>
            <param index="0">
              <value>
                <![CDATA[[TestResult name=LoginTest status=SUCCESS method=LoginTest_001.LoginTest()[pri:0, instance:TestCases.LoginTest_001@4e04a765] output={null}]]]>
              </value>
            </param>
          </params>
          <reporter-output>
          </reporter-output>
        </test-method> <!-- onTestFailure -->
        <test-method status="PASS" signature="onTestSuccess(org.testng.ITestResult)[pri:0, instance:TestCases.LoginTest_001@4e04a765]" name="onTestSuccess" is-config="true" duration-ms="1259" started-at="2020-12-13T18:09:51Z" finished-at="2020-12-13T18:09:52Z">
          <params>
            <param index="0">
              <value>
                <![CDATA[[TestResult name=LoginTest status=SUCCESS method=LoginTest_001.LoginTest()[pri:0, instance:TestCases.LoginTest_001@4e04a765] output={null}]]]>
              </value>
            </param>
          </params>
          <reporter-output>
          </reporter-output>
        </test-method> <!-- onTestSuccess -->
        <test-method status="PASS" signature="TearDown()[pri:0, instance:TestCases.LoginTest_001@4e04a765]" name="TearDown" is-config="true" duration-ms="3569" started-at="2020-12-13T18:09:56Z" finished-at="2020-12-13T18:09:59Z">
          <reporter-output>
          </reporter-output>
        </test-method> <!-- TearDown -->
      </class> <!-- TestCases.LoginTest_001 -->
    </test> <!-- Default test -->
  </suite> <!-- Default suite -->
</testng-results>
